Simulation Configuration: 	{
 "mtree_type": "mes_simulation_description",
 "name": "Basic Simulation Run",
 "id": "1",
 "description": null,
 "environment": "environment_file.EnvironmentClass",
 "institutions": [
  {
   "institution": "institution_file.InstitutionClass"
  }
 ],
 "agents": [
  {
   "agent_name": "agent_file.AgentClass",
   "number": 5
  }
 ],
 "properties": {},
 "data_logging": null,
 "source_hash": "096ee9c5c8734eca245a81efcab26b35",
 "simulation_run_id": "basic_config-2022_02_17-06_01_49_PM",
 "mes_directory": "/auctions"
}
1645120909.7213354	message_payload = any_python_data_type_would_do
message_sender_address = ActorAddr-(T|:33911)
message_recepients = ActorAddr-(T|:46833)

