Simulation Configuration: 	{
 "mtree_type": "mes_simulation_description",
 "name": "Basic Simulation Run",
 "id": "1",
 "description": null,
 "environment": "environment_file.EnvironmentClass",
 "institutions": [
  {
   "institution": "institution_file.InstitutionClass"
  }
 ],
 "agents": [
  {
   "agent_name": "agent_file.AgentClass",
   "number": 5
  }
 ],
 "properties": {},
 "data_logging": null,
 "source_hash": "6549dca46c0bb5831e158d961a601222",
 "simulation_run_id": "basic_config-2022_02_17-05_57_36_PM",
 "mes_directory": "/auctions"
}
1645120656.8682075	MES INSITUTION CRASHING - EXCEPTION FOLLOWS 
	Source Message: <Message Sender: ActorAddr-(T|:44393), Recipients: , Directive: institution_message, Content: any_python_data_type_would_do>
	Error Type: <class 'TypeError'>
	Error: log_message() takes 2 positional arguments but 4 were given

	Trace Output: 
	  File "/mtree/mTree/microeconomic_system/institution.py", line 83, in receiveMessage
    directive_handler(self, message)

	  File "institution_file.py", line 26, in institution_message


