Simulation Configuration: 	{
 "mtree_type": "mes_simulation_description",
 "name": "Basic Simulation Run",
 "id": "1",
 "description": null,
 "environment": "environment_file.EnvironmentClass",
 "institutions": [
  {
   "institution": "institution_file.InstitutionClass"
  }
 ],
 "agents": [
  {
   "agent_name": "agent_file.AgentClass",
   "number": 5
  }
 ],
 "properties": {},
 "data_logging": null,
 "source_hash": "57e3cd54d6f5b3fd0d9489e883f84c51",
 "simulation_run_id": "basic_config-2022_02_17-06_20_23_PM",
 "mes_directory": "/auctions"
}
1645122024.0900638	message_payload = any_python_data_type_would_do

1645122024.0937853	message_sender_address = ActorAddr-(T|:43253)

