Simulation Configuration: 	{
 "mtree_type": "mes_simulation_description",
 "name": "Basic Simulation Run",
 "id": "1",
 "description": null,
 "environment": "environment_file.EnvironmentClass",
 "institutions": [
  {
   "institution": "institution_file.InstitutionClass"
  }
 ],
 "agents": [
  {
   "agent_name": "agent_file.AgentClass",
   "number": 5
  }
 ],
 "properties": {},
 "data_logging": null,
 "source_hash": "d39f1f4975b02df11a1b5d54413e465d",
 "simulation_run_id": "basic_config-2022_02_17-02_58_13_PM",
 "mes_directory": "/auctions"
}
1645109893.7074156	start_environment got triggered
