Simulation Configuration: 	{
 "mtree_type": "mes_simulation_description",
 "name": "Basic Simulation Run",
 "id": "1",
 "description": null,
 "environment": "environment_file.EnvironmentClass",
 "institutions": [
  {
   "institution": "institution_file.InstitutionClass"
  }
 ],
 "agents": [
  {
   "agent_name": "agent_file.AgentClass",
   "number": 5
  }
 ],
 "properties": {},
 "data_logging": null,
 "source_hash": "354918ea80c40e0cbfc13eee98c910e4",
 "simulation_run_id": "basic_config-2022_02_17-03_00_49_PM",
 "mes_directory": "/auctions"
}
1645110049.4582374	start_environment got triggered
1645110049.4618285	{'institution_file.InstitutionClass 1': {'address_type': 'institution', 'address': <thespian.actors.ActorAddress object at 0x4010ffd190>, 'component_class': 'institution_file.InstitutionClass', 'component_number': 1, 'short_name': 'institution_file.InstitutionClass 1'}, 'agent_file.AgentClass 1': {'address_type': 'agent', 'address': <thespian.actors.ActorAddress object at 0x4010ffd310>, 'component_class': 'agent_file.AgentClass', 'component_number': 1, 'short_name': 'agent_file.AgentClass 1'}, 'agent_file.AgentClass 2': {'address_type': 'agent', 'address': <thespian.actors.ActorAddress object at 0x4010ffd3a0>, 'component_class': 'agent_file.AgentClass', 'component_number': 2, 'short_name': 'agent_file.AgentClass 2'}, 'agent_file.AgentClass 3': {'address_type': 'agent', 'address': <thespian.actors.ActorAddress object at 0x4010ffd430>, 'component_class': 'agent_file.AgentClass', 'component_number': 3, 'short_name': 'agent_file.AgentClass 3'}, 'agent_file.AgentClass 4': {'address_type': 'agent', 'address': <thespian.actors.ActorAddress object at 0x4010ffd4c0>, 'component_class': 'agent_file.AgentClass', 'component_number': 4, 'short_name': 'agent_file.AgentClass 4'}, 'agent_file.AgentClass 5': {'address_type': 'agent', 'address': <thespian.actors.ActorAddress object at 0x4010ffd550>, 'component_class': 'agent_file.AgentClass', 'component_number': 5, 'short_name': 'agent_file.AgentClass 5'}}
