2022-02-17 14:48:08.007903 p25 I    ++++ Admin started @ ActorAddr-(T|:19000) / gen (3, 10)
2022-02-17 14:48:08.058563 p25 I    Pending Actor request received for mTree.server.actor_system_startup.SimpleSourceAuthority reqs None from ActorAddr-(T|:41923)
2022-02-17 14:48:08.066591 p29 I    Starting Actor mTree.server.actor_system_startup.SimpleSourceAuthority at ActorAddr-(T|:39133) (parent ActorAddr-(T|:19000), admin ActorAddr-(T|:19000), srcHash None)
2022-02-17 14:49:49.936301 p26 I    ++++ Admin started @ ActorAddr-(T|:19000) / gen (3, 10)
2022-02-17 14:49:49.983916 p26 I    Pending Actor request received for mTree.server.actor_system_startup.SimpleSourceAuthority reqs None from ActorAddr-(T|:37845)
2022-02-17 14:49:49.997553 p30 I    Starting Actor mTree.server.actor_system_startup.SimpleSourceAuthority at ActorAddr-(T|:36925) (parent ActorAddr-(T|:19000), admin ActorAddr-(T|:19000), srcHash None)
2022-02-17 14:50:31.602966 p26 I    Pending Actor request received for mTree.server.actor_system_startup.SimpleSourceAuthority reqs None from ActorAddr-(T|:45787)
2022-02-17 14:50:31.611443 p61 I    Starting Actor mTree.server.actor_system_startup.SimpleSourceAuthority at ActorAddr-(T|:44861) (parent ActorAddr-(T|:19000), admin ActorAddr-(T|:19000), srcHash None)
2022-02-17 14:50:36.519130 p26 I    Pending Actor request received for mTree.microeconomic_system.dispatcher.Dispatcher reqs None from ActorAddr-(T|:39981)
2022-02-17 14:50:36.527321 p195 I    Starting Actor mTree.microeconomic_system.dispatcher.Dispatcher at ActorAddr-(T|:41965) (parent ActorAddr-(T|:19000), admin ActorAddr-(T|:19000), srcHash None)
2022-02-17 14:50:36.550722 p26 I    Pending Actor request received for environment_file.EnvironmentClass (5e4048afa92a2804fc1f7440743d882e) reqs None from ActorAddr-(T|:41965)
2022-02-17 14:50:36.610097 p197 I    Starting Actor environment_file.EnvironmentClass at ActorAddr-(T|:34771) (parent ActorAddr-(T|:19000), admin ActorAddr-(T|:19000), srcHash 5e4048afa92a2804fc1f7440743d882e)
2022-02-17 14:50:36.723088 p199 I    Starting Actor log_actor.LogActor at ActorAddr-(T|:46583) (parent ActorAddr-(T|:34771), admin ActorAddr-(T|:19000), srcHash 5e4048afa92a2804fc1f7440743d882e)
2022-02-17 14:50:36.739313 p201 I    Starting Actor institution_file.InstitutionClass at ActorAddr-(T|:34173) (parent ActorAddr-(T|:34771), admin ActorAddr-(T|:19000), srcHash 5e4048afa92a2804fc1f7440743d882e)
2022-02-17 14:50:36.753018 p203 I    Starting Actor agent_file.AgentClass at ActorAddr-(T|:41017) (parent ActorAddr-(T|:34771), admin ActorAddr-(T|:19000), srcHash 5e4048afa92a2804fc1f7440743d882e)
2022-02-17 14:50:36.756194 p205 I    Starting Actor agent_file.AgentClass at ActorAddr-(T|:38015) (parent ActorAddr-(T|:34771), admin ActorAddr-(T|:19000), srcHash 5e4048afa92a2804fc1f7440743d882e)
2022-02-17 14:50:36.766323 p209 I    Starting Actor agent_file.AgentClass at ActorAddr-(T|:44085) (parent ActorAddr-(T|:34771), admin ActorAddr-(T|:19000), srcHash 5e4048afa92a2804fc1f7440743d882e)
2022-02-17 14:50:36.776499 p211 I    Starting Actor agent_file.AgentClass at ActorAddr-(T|:41059) (parent ActorAddr-(T|:34771), admin ActorAddr-(T|:19000), srcHash 5e4048afa92a2804fc1f7440743d882e)
2022-02-17 14:50:36.781935 p207 I    Starting Actor agent_file.AgentClass at ActorAddr-(T|:46165) (parent ActorAddr-(T|:34771), admin ActorAddr-(T|:19000), srcHash 5e4048afa92a2804fc1f7440743d882e)
2022-02-17 14:50:36.797043 p197 ERR  Declaring transmit of TransportIntent(ActorAddr-(T|:46583)-pending-ExpiresIn_0:04:59.981291-<class 'mTree.microeconomic_system.log_message.LogMessage'>-<LogMessage Timestamp: 1645109436.771983, Type: log, Content: <mTree.microeconomic_system.address_book.AddressBook object at 0x4011c73610>>-quit_0:04:59.981194) as Poison: Traceback (most recent call last):
  File "/opt/conda/lib/python3.8/site-packages/thespian-3.10.3-py3.8.egg/thespian/system/systemCommon.py", line 173, in _send_intent_to_transport
    self.transport.scheduleTransmit(self._addrManager, intent)
  File "/opt/conda/lib/python3.8/site-packages/thespian-3.10.3-py3.8.egg/thespian/system/transport/asyncTransportBase.py", line 213, in scheduleTransmit
    transmitIntent.serMsg = self.serializer(transmitIntent)
  File "/opt/conda/lib/python3.8/site-packages/thespian-3.10.3-py3.8.egg/thespian/system/transport/TCPTransport.py", line 561, in serializer
    return toSendBuffer((self.myAddress, intent.message), serializer.dumps)
  File "/opt/conda/lib/python3.8/site-packages/thespian-3.10.3-py3.8.egg/thespian/system/transport/streamBuffer.py", line 12, in <lambda>
    toSendBuffer = lambda A, ser=pickle.dumps: (lambda AP: ('%d>'%len(AP)).encode('utf-8') + AP)(ser(A))
TypeError: cannot pickle '_thread.lock' object

2022-02-17 14:50:36.803160 p197 I    completion error: ************* TransportIntent(ActorAddr-(T|:46583)-=-SENDSTS_FAILED-<class 'mTree.microeconomic_system.log_message.LogMessage'>-<LogMessage Timestamp: 1645109436.771983, Type: log, Content: <mTree.microeconomic_system.address_book.AddressBook object at 0x4011c73610>>-quit_0:04:59.970518)
2022-02-17 14:50:36.808154 p197 ERR  Declaring transmit of TransportIntent(ActorAddr-(T|:46583)-pending-ExpiresIn_0:04:59.997686-<class 'mTree.microeconomic_system.log_message.LogMessage'>-<LogMessage Timestamp: 1645109436.8038943, Type: data, Content: <mTree.microeconomic_system.address_book.AddressBook object at 0x4011c73610>>-quit_0:04:59.997601) as Poison: Traceback (most recent call last):
  File "/opt/conda/lib/python3.8/site-packages/thespian-3.10.3-py3.8.egg/thespian/system/systemCommon.py", line 173, in _send_intent_to_transport
    self.transport.scheduleTransmit(self._addrManager, intent)
  File "/opt/conda/lib/python3.8/site-packages/thespian-3.10.3-py3.8.egg/thespian/system/transport/asyncTransportBase.py", line 213, in scheduleTransmit
    transmitIntent.serMsg = self.serializer(transmitIntent)
  File "/opt/conda/lib/python3.8/site-packages/thespian-3.10.3-py3.8.egg/thespian/system/transport/TCPTransport.py", line 561, in serializer
    return toSendBuffer((self.myAddress, intent.message), serializer.dumps)
  File "/opt/conda/lib/python3.8/site-packages/thespian-3.10.3-py3.8.egg/thespian/system/transport/streamBuffer.py", line 12, in <lambda>
    toSendBuffer = lambda A, ser=pickle.dumps: (lambda AP: ('%d>'%len(AP)).encode('utf-8') + AP)(ser(A))
TypeError: cannot pickle '_thread.lock' object

2022-02-17 14:50:36.813302 p197 I    completion error: ************* TransportIntent(ActorAddr-(T|:46583)-=-SENDSTS_FAILED-<class 'mTree.microeconomic_system.log_message.LogMessage'>-<LogMessage Timestamp: 1645109436.8038943, Type: data, Content: <mTree.microeconomic_system.address_book.AddressBook object at 0x4011c73610>>-quit_0:04:59.992475)
2022-02-17 14:53:51.223202 p26 I    ---- shutdown completed
2022-02-17 14:53:59.472319 p368 I    ++++ Admin started @ ActorAddr-(T|:19000) / gen (3, 10)
2022-02-17 14:53:59.512061 p368 I    Pending Actor request received for mTree.server.actor_system_startup.SimpleSourceAuthority reqs None from ActorAddr-(T|:44205)
2022-02-17 14:53:59.520838 p372 I    Starting Actor mTree.server.actor_system_startup.SimpleSourceAuthority at ActorAddr-(T|:40887) (parent ActorAddr-(T|:19000), admin ActorAddr-(T|:19000), srcHash None)
2022-02-17 14:54:00.992476 p368 I    Pending Actor request received for mTree.microeconomic_system.dispatcher.Dispatcher reqs None from ActorAddr-(T|:35481)
2022-02-17 14:54:01.001133 p377 I    Starting Actor mTree.microeconomic_system.dispatcher.Dispatcher at ActorAddr-(T|:42837) (parent ActorAddr-(T|:19000), admin ActorAddr-(T|:19000), srcHash None)
2022-02-17 14:54:01.025610 p368 I    Pending Actor request received for environment_file.EnvironmentClass (dad92bb32bb1ebf4f62a2257a60e574c) reqs None from ActorAddr-(T|:42837)
2022-02-17 14:54:01.085480 p379 I    Starting Actor environment_file.EnvironmentClass at ActorAddr-(T|:40957) (parent ActorAddr-(T|:19000), admin ActorAddr-(T|:19000), srcHash dad92bb32bb1ebf4f62a2257a60e574c)
2022-02-17 14:54:01.201534 p381 I    Starting Actor log_actor.LogActor at ActorAddr-(T|:33755) (parent ActorAddr-(T|:40957), admin ActorAddr-(T|:19000), srcHash dad92bb32bb1ebf4f62a2257a60e574c)
2022-02-17 14:54:01.221245 p383 I    Starting Actor institution_file.InstitutionClass at ActorAddr-(T|:40685) (parent ActorAddr-(T|:40957), admin ActorAddr-(T|:19000), srcHash dad92bb32bb1ebf4f62a2257a60e574c)
2022-02-17 14:54:01.234049 p385 I    Starting Actor agent_file.AgentClass at ActorAddr-(T|:45993) (parent ActorAddr-(T|:40957), admin ActorAddr-(T|:19000), srcHash dad92bb32bb1ebf4f62a2257a60e574c)
2022-02-17 14:54:01.243502 p390 I    Starting Actor agent_file.AgentClass at ActorAddr-(T|:39563) (parent ActorAddr-(T|:40957), admin ActorAddr-(T|:19000), srcHash dad92bb32bb1ebf4f62a2257a60e574c)
2022-02-17 14:54:01.248777 p393 I    Starting Actor agent_file.AgentClass at ActorAddr-(T|:37495) (parent ActorAddr-(T|:40957), admin ActorAddr-(T|:19000), srcHash dad92bb32bb1ebf4f62a2257a60e574c)
2022-02-17 14:54:01.259474 p389 I    Starting Actor agent_file.AgentClass at ActorAddr-(T|:34877) (parent ActorAddr-(T|:40957), admin ActorAddr-(T|:19000), srcHash dad92bb32bb1ebf4f62a2257a60e574c)
2022-02-17 14:54:01.245601 p387 I    Starting Actor agent_file.AgentClass at ActorAddr-(T|:36611) (parent ActorAddr-(T|:40957), admin ActorAddr-(T|:19000), srcHash dad92bb32bb1ebf4f62a2257a60e574c)
2022-02-17 14:54:01.282959 p379 ERR  Declaring transmit of TransportIntent(ActorAddr-(T|:33755)-pending-ExpiresIn_0:04:59.979763-<class 'mTree.microeconomic_system.log_message.LogMessage'>-<LogMessage Timestamp: 1645109641.2556345, Type: log, Content: <mTree.microeconomic_system.address_book.AddressBook object at 0x401190ac10>>-quit_0:04:59.979640) as Poison: Traceback (most recent call last):
  File "/opt/conda/lib/python3.8/site-packages/thespian-3.10.3-py3.8.egg/thespian/system/systemCommon.py", line 173, in _send_intent_to_transport
    self.transport.scheduleTransmit(self._addrManager, intent)
  File "/opt/conda/lib/python3.8/site-packages/thespian-3.10.3-py3.8.egg/thespian/system/transport/asyncTransportBase.py", line 213, in scheduleTransmit
    transmitIntent.serMsg = self.serializer(transmitIntent)
  File "/opt/conda/lib/python3.8/site-packages/thespian-3.10.3-py3.8.egg/thespian/system/transport/TCPTransport.py", line 561, in serializer
    return toSendBuffer((self.myAddress, intent.message), serializer.dumps)
  File "/opt/conda/lib/python3.8/site-packages/thespian-3.10.3-py3.8.egg/thespian/system/transport/streamBuffer.py", line 12, in <lambda>
    toSendBuffer = lambda A, ser=pickle.dumps: (lambda AP: ('%d>'%len(AP)).encode('utf-8') + AP)(ser(A))
TypeError: cannot pickle '_thread.lock' object

2022-02-17 14:54:01.290085 p379 I    completion error: ************* TransportIntent(ActorAddr-(T|:33755)-=-SENDSTS_FAILED-<class 'mTree.microeconomic_system.log_message.LogMessage'>-<LogMessage Timestamp: 1645109641.2556345, Type: log, Content: <mTree.microeconomic_system.address_book.AddressBook object at 0x401190ac10>>-quit_0:04:59.967861)
2022-02-17 14:54:01.296480 p379 ERR  Declaring transmit of TransportIntent(ActorAddr-(T|:33755)-pending-ExpiresIn_0:04:59.997500-<class 'mTree.microeconomic_system.log_message.LogMessage'>-<LogMessage Timestamp: 1645109641.2913885, Type: data, Content: <mTree.microeconomic_system.address_book.AddressBook object at 0x401190ac10>>-quit_0:04:59.997414) as Poison: Traceback (most recent call last):
  File "/opt/conda/lib/python3.8/site-packages/thespian-3.10.3-py3.8.egg/thespian/system/systemCommon.py", line 173, in _send_intent_to_transport
    self.transport.scheduleTransmit(self._addrManager, intent)
  File "/opt/conda/lib/python3.8/site-packages/thespian-3.10.3-py3.8.egg/thespian/system/transport/asyncTransportBase.py", line 213, in scheduleTransmit
    transmitIntent.serMsg = self.serializer(transmitIntent)
  File "/opt/conda/lib/python3.8/site-packages/thespian-3.10.3-py3.8.egg/thespian/system/transport/TCPTransport.py", line 561, in serializer
    return toSendBuffer((self.myAddress, intent.message), serializer.dumps)
  File "/opt/conda/lib/python3.8/site-packages/thespian-3.10.3-py3.8.egg/thespian/system/transport/streamBuffer.py", line 12, in <lambda>
    toSendBuffer = lambda A, ser=pickle.dumps: (lambda AP: ('%d>'%len(AP)).encode('utf-8') + AP)(ser(A))
TypeError: cannot pickle '_thread.lock' object

2022-02-17 14:54:01.302729 p379 I    completion error: ************* TransportIntent(ActorAddr-(T|:33755)-=-SENDSTS_FAILED-<class 'mTree.microeconomic_system.log_message.LogMessage'>-<LogMessage Timestamp: 1645109641.2913885, Type: data, Content: <mTree.microeconomic_system.address_book.AddressBook object at 0x401190ac10>>-quit_0:04:59.991100)
2022-02-17 14:57:32.178013 p368 I    ---- shutdown completed
2022-02-17 14:58:11.885438 p493 I    ++++ Admin started @ ActorAddr-(T|:19000) / gen (3, 10)
2022-02-17 14:58:11.931147 p493 I    Pending Actor request received for mTree.server.actor_system_startup.SimpleSourceAuthority reqs None from ActorAddr-(T|:37681)
2022-02-17 14:58:11.939593 p506 I    Starting Actor mTree.server.actor_system_startup.SimpleSourceAuthority at ActorAddr-(T|:43223) (parent ActorAddr-(T|:19000), admin ActorAddr-(T|:19000), srcHash None)
2022-02-17 14:58:13.446925 p493 I    Pending Actor request received for mTree.microeconomic_system.dispatcher.Dispatcher reqs None from ActorAddr-(T|:34991)
2022-02-17 14:58:13.455723 p559 I    Starting Actor mTree.microeconomic_system.dispatcher.Dispatcher at ActorAddr-(T|:40233) (parent ActorAddr-(T|:19000), admin ActorAddr-(T|:19000), srcHash None)
2022-02-17 14:58:13.478307 p493 I    Pending Actor request received for environment_file.EnvironmentClass (d39f1f4975b02df11a1b5d54413e465d) reqs None from ActorAddr-(T|:40233)
2022-02-17 14:58:13.537850 p561 I    Starting Actor environment_file.EnvironmentClass at ActorAddr-(T|:35387) (parent ActorAddr-(T|:19000), admin ActorAddr-(T|:19000), srcHash d39f1f4975b02df11a1b5d54413e465d)
2022-02-17 14:58:13.650432 p563 I    Starting Actor log_actor.LogActor at ActorAddr-(T|:36123) (parent ActorAddr-(T|:35387), admin ActorAddr-(T|:19000), srcHash d39f1f4975b02df11a1b5d54413e465d)
2022-02-17 14:58:13.668967 p565 I    Starting Actor institution_file.InstitutionClass at ActorAddr-(T|:43095) (parent ActorAddr-(T|:35387), admin ActorAddr-(T|:19000), srcHash d39f1f4975b02df11a1b5d54413e465d)
2022-02-17 14:58:13.683191 p567 I    Starting Actor agent_file.AgentClass at ActorAddr-(T|:40195) (parent ActorAddr-(T|:35387), admin ActorAddr-(T|:19000), srcHash d39f1f4975b02df11a1b5d54413e465d)
2022-02-17 14:58:13.689025 p569 I    Starting Actor agent_file.AgentClass at ActorAddr-(T|:43971) (parent ActorAddr-(T|:35387), admin ActorAddr-(T|:19000), srcHash d39f1f4975b02df11a1b5d54413e465d)
2022-02-17 14:58:13.697215 p575 I    Starting Actor agent_file.AgentClass at ActorAddr-(T|:43225) (parent ActorAddr-(T|:35387), admin ActorAddr-(T|:19000), srcHash d39f1f4975b02df11a1b5d54413e465d)
2022-02-17 14:58:13.703992 p571 I    Starting Actor agent_file.AgentClass at ActorAddr-(T|:35479) (parent ActorAddr-(T|:35387), admin ActorAddr-(T|:19000), srcHash d39f1f4975b02df11a1b5d54413e465d)
2022-02-17 14:58:13.708583 p573 I    Starting Actor agent_file.AgentClass at ActorAddr-(T|:43283) (parent ActorAddr-(T|:35387), admin ActorAddr-(T|:19000), srcHash d39f1f4975b02df11a1b5d54413e465d)
2022-02-17 14:59:23.360499 p493 I    ---- shutdown completed
2022-02-17 14:59:30.280767 p603 I    ++++ Admin started @ ActorAddr-(T|:19000) / gen (3, 10)
2022-02-17 14:59:30.320168 p603 I    Pending Actor request received for mTree.server.actor_system_startup.SimpleSourceAuthority reqs None from ActorAddr-(T|:35503)
2022-02-17 14:59:30.328903 p607 I    Starting Actor mTree.server.actor_system_startup.SimpleSourceAuthority at ActorAddr-(T|:43925) (parent ActorAddr-(T|:19000), admin ActorAddr-(T|:19000), srcHash None)
2022-02-17 14:59:32.032968 p603 I    Pending Actor request received for mTree.microeconomic_system.dispatcher.Dispatcher reqs None from ActorAddr-(T|:38029)
2022-02-17 14:59:32.041562 p741 I    Starting Actor mTree.microeconomic_system.dispatcher.Dispatcher at ActorAddr-(T|:41665) (parent ActorAddr-(T|:19000), admin ActorAddr-(T|:19000), srcHash None)
2022-02-17 14:59:32.064858 p603 I    Pending Actor request received for environment_file.EnvironmentClass (2c9468fe2bd2d670543655c29b701d82) reqs None from ActorAddr-(T|:41665)
2022-02-17 14:59:32.124892 p743 I    Starting Actor environment_file.EnvironmentClass at ActorAddr-(T|:38655) (parent ActorAddr-(T|:19000), admin ActorAddr-(T|:19000), srcHash 2c9468fe2bd2d670543655c29b701d82)
2022-02-17 14:59:32.241735 p745 I    Starting Actor log_actor.LogActor at ActorAddr-(T|:43513) (parent ActorAddr-(T|:38655), admin ActorAddr-(T|:19000), srcHash 2c9468fe2bd2d670543655c29b701d82)
2022-02-17 14:59:32.257757 p747 I    Starting Actor institution_file.InstitutionClass at ActorAddr-(T|:43701) (parent ActorAddr-(T|:38655), admin ActorAddr-(T|:19000), srcHash 2c9468fe2bd2d670543655c29b701d82)
2022-02-17 14:59:32.272119 p749 I    Starting Actor agent_file.AgentClass at ActorAddr-(T|:39405) (parent ActorAddr-(T|:38655), admin ActorAddr-(T|:19000), srcHash 2c9468fe2bd2d670543655c29b701d82)
2022-02-17 14:59:32.278951 p753 I    Starting Actor agent_file.AgentClass at ActorAddr-(T|:41407) (parent ActorAddr-(T|:38655), admin ActorAddr-(T|:19000), srcHash 2c9468fe2bd2d670543655c29b701d82)
2022-02-17 14:59:32.278942 p751 I    Starting Actor agent_file.AgentClass at ActorAddr-(T|:44877) (parent ActorAddr-(T|:38655), admin ActorAddr-(T|:19000), srcHash 2c9468fe2bd2d670543655c29b701d82)
2022-02-17 14:59:32.296551 p757 I    Starting Actor agent_file.AgentClass at ActorAddr-(T|:45597) (parent ActorAddr-(T|:38655), admin ActorAddr-(T|:19000), srcHash 2c9468fe2bd2d670543655c29b701d82)
2022-02-17 14:59:32.299863 p755 I    Starting Actor agent_file.AgentClass at ActorAddr-(T|:34663) (parent ActorAddr-(T|:38655), admin ActorAddr-(T|:19000), srcHash 2c9468fe2bd2d670543655c29b701d82)
2022-02-17 14:59:32.319469 p743 ERR  Declaring transmit of TransportIntent(ActorAddr-(T|:43513)-pending-ExpiresIn_0:04:59.983819-<class 'mTree.microeconomic_system.log_message.LogMessage'>-<LogMessage Timestamp: 1645109972.2969475, Type: log, Content: <mTree.microeconomic_system.address_book.AddressBook object at 0x4011249b50>>-quit_0:04:59.983717) as Poison: Traceback (most recent call last):
  File "/opt/conda/lib/python3.8/site-packages/thespian-3.10.3-py3.8.egg/thespian/system/systemCommon.py", line 173, in _send_intent_to_transport
    self.transport.scheduleTransmit(self._addrManager, intent)
  File "/opt/conda/lib/python3.8/site-packages/thespian-3.10.3-py3.8.egg/thespian/system/transport/asyncTransportBase.py", line 213, in scheduleTransmit
    transmitIntent.serMsg = self.serializer(transmitIntent)
  File "/opt/conda/lib/python3.8/site-packages/thespian-3.10.3-py3.8.egg/thespian/system/transport/TCPTransport.py", line 561, in serializer
    return toSendBuffer((self.myAddress, intent.message), serializer.dumps)
  File "/opt/conda/lib/python3.8/site-packages/thespian-3.10.3-py3.8.egg/thespian/system/transport/streamBuffer.py", line 12, in <lambda>
    toSendBuffer = lambda A, ser=pickle.dumps: (lambda AP: ('%d>'%len(AP)).encode('utf-8') + AP)(ser(A))
TypeError: cannot pickle '_thread.lock' object

2022-02-17 14:59:32.326125 p743 I    completion error: ************* TransportIntent(ActorAddr-(T|:43513)-=-SENDSTS_FAILED-<class 'mTree.microeconomic_system.log_message.LogMessage'>-<LogMessage Timestamp: 1645109972.2969475, Type: log, Content: <mTree.microeconomic_system.address_book.AddressBook object at 0x4011249b50>>-quit_0:04:59.972875)
2022-02-17 15:00:39.219430 p603 I    ---- shutdown completed
2022-02-17 15:00:47.375875 p824 I    ++++ Admin started @ ActorAddr-(T|:19000) / gen (3, 10)
2022-02-17 15:00:47.419200 p824 I    Pending Actor request received for mTree.server.actor_system_startup.SimpleSourceAuthority reqs None from ActorAddr-(T|:41475)
2022-02-17 15:00:47.428126 p834 I    Starting Actor mTree.server.actor_system_startup.SimpleSourceAuthority at ActorAddr-(T|:33957) (parent ActorAddr-(T|:19000), admin ActorAddr-(T|:19000), srcHash None)
2022-02-17 15:00:49.187414 p824 I    Pending Actor request received for mTree.microeconomic_system.dispatcher.Dispatcher reqs None from ActorAddr-(T|:38887)
2022-02-17 15:00:49.195921 p923 I    Starting Actor mTree.microeconomic_system.dispatcher.Dispatcher at ActorAddr-(T|:38469) (parent ActorAddr-(T|:19000), admin ActorAddr-(T|:19000), srcHash None)
2022-02-17 15:00:49.219788 p824 I    Pending Actor request received for environment_file.EnvironmentClass (354918ea80c40e0cbfc13eee98c910e4) reqs None from ActorAddr-(T|:38469)
2022-02-17 15:00:49.279400 p925 I    Starting Actor environment_file.EnvironmentClass at ActorAddr-(T|:41365) (parent ActorAddr-(T|:19000), admin ActorAddr-(T|:19000), srcHash 354918ea80c40e0cbfc13eee98c910e4)
2022-02-17 15:00:49.393748 p927 I    Starting Actor log_actor.LogActor at ActorAddr-(T|:41729) (parent ActorAddr-(T|:41365), admin ActorAddr-(T|:19000), srcHash 354918ea80c40e0cbfc13eee98c910e4)
2022-02-17 15:00:49.413037 p929 I    Starting Actor institution_file.InstitutionClass at ActorAddr-(T|:42765) (parent ActorAddr-(T|:41365), admin ActorAddr-(T|:19000), srcHash 354918ea80c40e0cbfc13eee98c910e4)
2022-02-17 15:00:49.427972 p931 I    Starting Actor agent_file.AgentClass at ActorAddr-(T|:44261) (parent ActorAddr-(T|:41365), admin ActorAddr-(T|:19000), srcHash 354918ea80c40e0cbfc13eee98c910e4)
2022-02-17 15:00:49.435342 p935 I    Starting Actor agent_file.AgentClass at ActorAddr-(T|:43933) (parent ActorAddr-(T|:41365), admin ActorAddr-(T|:19000), srcHash 354918ea80c40e0cbfc13eee98c910e4)
2022-02-17 15:00:49.439582 p933 I    Starting Actor agent_file.AgentClass at ActorAddr-(T|:37195) (parent ActorAddr-(T|:41365), admin ActorAddr-(T|:19000), srcHash 354918ea80c40e0cbfc13eee98c910e4)
2022-02-17 15:00:49.447470 p938 I    Starting Actor agent_file.AgentClass at ActorAddr-(T|:35709) (parent ActorAddr-(T|:41365), admin ActorAddr-(T|:19000), srcHash 354918ea80c40e0cbfc13eee98c910e4)
2022-02-17 15:00:49.456492 p937 I    Starting Actor agent_file.AgentClass at ActorAddr-(T|:45589) (parent ActorAddr-(T|:41365), admin ActorAddr-(T|:19000), srcHash 354918ea80c40e0cbfc13eee98c910e4)
2022-02-17 17:54:38.753555 p824 I    ---- shutdown completed
2022-02-17 17:56:18.498596 p967 I    ++++ Admin started @ ActorAddr-(T|:19000) / gen (3, 10)
2022-02-17 17:56:18.539569 p967 I    Pending Actor request received for mTree.server.actor_system_startup.SimpleSourceAuthority reqs None from ActorAddr-(T|:41603)
2022-02-17 17:56:18.547666 p971 I    Starting Actor mTree.server.actor_system_startup.SimpleSourceAuthority at ActorAddr-(T|:44083) (parent ActorAddr-(T|:19000), admin ActorAddr-(T|:19000), srcHash None)
2022-02-17 17:57:36.575041 p967 I    Pending Actor request received for mTree.microeconomic_system.dispatcher.Dispatcher reqs None from ActorAddr-(T|:46343)
2022-02-17 17:57:36.583986 p1105 I    Starting Actor mTree.microeconomic_system.dispatcher.Dispatcher at ActorAddr-(T|:34369) (parent ActorAddr-(T|:19000), admin ActorAddr-(T|:19000), srcHash None)
2022-02-17 17:57:36.607502 p967 I    Pending Actor request received for environment_file.EnvironmentClass (6549dca46c0bb5831e158d961a601222) reqs None from ActorAddr-(T|:34369)
2022-02-17 17:57:36.668555 p1107 I    Starting Actor environment_file.EnvironmentClass at ActorAddr-(T|:44393) (parent ActorAddr-(T|:19000), admin ActorAddr-(T|:19000), srcHash 6549dca46c0bb5831e158d961a601222)
2022-02-17 17:57:36.783807 p1109 I    Starting Actor log_actor.LogActor at ActorAddr-(T|:46417) (parent ActorAddr-(T|:44393), admin ActorAddr-(T|:19000), srcHash 6549dca46c0bb5831e158d961a601222)
2022-02-17 17:57:36.804396 p1111 I    Starting Actor institution_file.InstitutionClass at ActorAddr-(T|:35543) (parent ActorAddr-(T|:44393), admin ActorAddr-(T|:19000), srcHash 6549dca46c0bb5831e158d961a601222)
2022-02-17 17:57:36.819383 p1113 I    Starting Actor agent_file.AgentClass at ActorAddr-(T|:40479) (parent ActorAddr-(T|:44393), admin ActorAddr-(T|:19000), srcHash 6549dca46c0bb5831e158d961a601222)
2022-02-17 17:57:36.825097 p1115 I    Starting Actor agent_file.AgentClass at ActorAddr-(T|:33873) (parent ActorAddr-(T|:44393), admin ActorAddr-(T|:19000), srcHash 6549dca46c0bb5831e158d961a601222)
2022-02-17 17:57:36.825176 p1117 I    Starting Actor agent_file.AgentClass at ActorAddr-(T|:38861) (parent ActorAddr-(T|:44393), admin ActorAddr-(T|:19000), srcHash 6549dca46c0bb5831e158d961a601222)
2022-02-17 17:57:36.833521 p1119 I    Starting Actor agent_file.AgentClass at ActorAddr-(T|:45755) (parent ActorAddr-(T|:44393), admin ActorAddr-(T|:19000), srcHash 6549dca46c0bb5831e158d961a601222)
2022-02-17 17:57:36.845098 p1121 I    Starting Actor agent_file.AgentClass at ActorAddr-(T|:44717) (parent ActorAddr-(T|:44393), admin ActorAddr-(T|:19000), srcHash 6549dca46c0bb5831e158d961a601222)
2022-02-17 17:58:32.133052 p967 I    ---- shutdown completed
2022-02-17 17:58:39.737559 p1149 I    ++++ Admin started @ ActorAddr-(T|:19000) / gen (3, 10)
2022-02-17 17:58:39.776107 p1149 I    Pending Actor request received for mTree.server.actor_system_startup.SimpleSourceAuthority reqs None from ActorAddr-(T|:38747)
2022-02-17 17:58:39.784357 p1153 I    Starting Actor mTree.server.actor_system_startup.SimpleSourceAuthority at ActorAddr-(T|:44981) (parent ActorAddr-(T|:19000), admin ActorAddr-(T|:19000), srcHash None)
2022-02-17 17:58:43.515572 p1149 I    Pending Actor request received for mTree.microeconomic_system.dispatcher.Dispatcher reqs None from ActorAddr-(T|:39713)
2022-02-17 17:58:43.524592 p1287 I    Starting Actor mTree.microeconomic_system.dispatcher.Dispatcher at ActorAddr-(T|:34517) (parent ActorAddr-(T|:19000), admin ActorAddr-(T|:19000), srcHash None)
2022-02-17 17:58:43.547372 p1149 I    Pending Actor request received for environment_file.EnvironmentClass (b48ce1a74d2958d84a0488107d0dedcd) reqs None from ActorAddr-(T|:34517)
2022-02-17 17:58:43.608922 p1289 I    Starting Actor environment_file.EnvironmentClass at ActorAddr-(T|:43585) (parent ActorAddr-(T|:19000), admin ActorAddr-(T|:19000), srcHash b48ce1a74d2958d84a0488107d0dedcd)
2022-02-17 17:58:43.722110 p1291 I    Starting Actor log_actor.LogActor at ActorAddr-(T|:43055) (parent ActorAddr-(T|:43585), admin ActorAddr-(T|:19000), srcHash b48ce1a74d2958d84a0488107d0dedcd)
2022-02-17 17:58:43.742712 p1293 I    Starting Actor institution_file.InstitutionClass at ActorAddr-(T|:42209) (parent ActorAddr-(T|:43585), admin ActorAddr-(T|:19000), srcHash b48ce1a74d2958d84a0488107d0dedcd)
2022-02-17 17:58:43.755827 p1295 I    Starting Actor agent_file.AgentClass at ActorAddr-(T|:41705) (parent ActorAddr-(T|:43585), admin ActorAddr-(T|:19000), srcHash b48ce1a74d2958d84a0488107d0dedcd)
2022-02-17 17:58:43.761449 p1297 I    Starting Actor agent_file.AgentClass at ActorAddr-(T|:39565) (parent ActorAddr-(T|:43585), admin ActorAddr-(T|:19000), srcHash b48ce1a74d2958d84a0488107d0dedcd)
2022-02-17 17:58:43.766056 p1299 I    Starting Actor agent_file.AgentClass at ActorAddr-(T|:35743) (parent ActorAddr-(T|:43585), admin ActorAddr-(T|:19000), srcHash b48ce1a74d2958d84a0488107d0dedcd)
2022-02-17 17:58:43.776264 p1302 I    Starting Actor agent_file.AgentClass at ActorAddr-(T|:42499) (parent ActorAddr-(T|:43585), admin ActorAddr-(T|:19000), srcHash b48ce1a74d2958d84a0488107d0dedcd)
2022-02-17 17:58:43.780293 p1301 I    Starting Actor agent_file.AgentClass at ActorAddr-(T|:34195) (parent ActorAddr-(T|:43585), admin ActorAddr-(T|:19000), srcHash b48ce1a74d2958d84a0488107d0dedcd)
2022-02-17 18:01:40.434968 p1149 I    ---- shutdown completed
2022-02-17 18:01:48.633652 p1451 I    ++++ Admin started @ ActorAddr-(T|:19000) / gen (3, 10)
2022-02-17 18:01:48.677116 p1451 I    Pending Actor request received for mTree.server.actor_system_startup.SimpleSourceAuthority reqs None from ActorAddr-(T|:37375)
2022-02-17 18:01:48.685054 p1464 I    Starting Actor mTree.server.actor_system_startup.SimpleSourceAuthority at ActorAddr-(T|:37497) (parent ActorAddr-(T|:19000), admin ActorAddr-(T|:19000), srcHash None)
2022-02-17 18:01:49.407462 p1451 I    Pending Actor request received for mTree.microeconomic_system.dispatcher.Dispatcher reqs None from ActorAddr-(T|:35617)
2022-02-17 18:01:49.416285 p1469 I    Starting Actor mTree.microeconomic_system.dispatcher.Dispatcher at ActorAddr-(T|:38953) (parent ActorAddr-(T|:19000), admin ActorAddr-(T|:19000), srcHash None)
2022-02-17 18:01:49.439433 p1451 I    Pending Actor request received for environment_file.EnvironmentClass (096ee9c5c8734eca245a81efcab26b35) reqs None from ActorAddr-(T|:38953)
2022-02-17 18:01:49.502313 p1471 I    Starting Actor environment_file.EnvironmentClass at ActorAddr-(T|:33911) (parent ActorAddr-(T|:19000), admin ActorAddr-(T|:19000), srcHash 096ee9c5c8734eca245a81efcab26b35)
2022-02-17 18:01:49.614866 p1473 I    Starting Actor log_actor.LogActor at ActorAddr-(T|:46159) (parent ActorAddr-(T|:33911), admin ActorAddr-(T|:19000), srcHash 096ee9c5c8734eca245a81efcab26b35)
2022-02-17 18:01:49.638643 p1475 I    Starting Actor institution_file.InstitutionClass at ActorAddr-(T|:46833) (parent ActorAddr-(T|:33911), admin ActorAddr-(T|:19000), srcHash 096ee9c5c8734eca245a81efcab26b35)
2022-02-17 18:01:49.658504 p1477 I    Starting Actor agent_file.AgentClass at ActorAddr-(T|:36165) (parent ActorAddr-(T|:33911), admin ActorAddr-(T|:19000), srcHash 096ee9c5c8734eca245a81efcab26b35)
2022-02-17 18:01:49.663340 p1479 I    Starting Actor agent_file.AgentClass at ActorAddr-(T|:35985) (parent ActorAddr-(T|:33911), admin ActorAddr-(T|:19000), srcHash 096ee9c5c8734eca245a81efcab26b35)
2022-02-17 18:01:49.672025 p1481 I    Starting Actor agent_file.AgentClass at ActorAddr-(T|:34567) (parent ActorAddr-(T|:33911), admin ActorAddr-(T|:19000), srcHash 096ee9c5c8734eca245a81efcab26b35)
2022-02-17 18:01:49.683489 p1485 I    Starting Actor agent_file.AgentClass at ActorAddr-(T|:43811) (parent ActorAddr-(T|:33911), admin ActorAddr-(T|:19000), srcHash 096ee9c5c8734eca245a81efcab26b35)
2022-02-17 18:01:49.687697 p1483 I    Starting Actor agent_file.AgentClass at ActorAddr-(T|:45995) (parent ActorAddr-(T|:33911), admin ActorAddr-(T|:19000), srcHash 096ee9c5c8734eca245a81efcab26b35)
2022-02-17 18:20:13.263468 p1451 I    ---- shutdown completed
2022-02-17 18:20:20.263579 p1513 I    ++++ Admin started @ ActorAddr-(T|:19000) / gen (3, 10)
2022-02-17 18:20:20.304928 p1513 I    Pending Actor request received for mTree.server.actor_system_startup.SimpleSourceAuthority reqs None from ActorAddr-(T|:41051)
2022-02-17 18:20:20.314558 p1517 I    Starting Actor mTree.server.actor_system_startup.SimpleSourceAuthority at ActorAddr-(T|:36235) (parent ActorAddr-(T|:19000), admin ActorAddr-(T|:19000), srcHash None)
2022-02-17 18:20:23.807669 p1513 I    Pending Actor request received for mTree.microeconomic_system.dispatcher.Dispatcher reqs None from ActorAddr-(T|:39215)
2022-02-17 18:20:23.815722 p1651 I    Starting Actor mTree.microeconomic_system.dispatcher.Dispatcher at ActorAddr-(T|:37497) (parent ActorAddr-(T|:19000), admin ActorAddr-(T|:19000), srcHash None)
2022-02-17 18:20:23.839022 p1513 I    Pending Actor request received for environment_file.EnvironmentClass (57e3cd54d6f5b3fd0d9489e883f84c51) reqs None from ActorAddr-(T|:37497)
2022-02-17 18:20:23.898941 p1653 I    Starting Actor environment_file.EnvironmentClass at ActorAddr-(T|:43253) (parent ActorAddr-(T|:19000), admin ActorAddr-(T|:19000), srcHash 57e3cd54d6f5b3fd0d9489e883f84c51)
2022-02-17 18:20:24.011662 p1655 I    Starting Actor log_actor.LogActor at ActorAddr-(T|:42731) (parent ActorAddr-(T|:43253), admin ActorAddr-(T|:19000), srcHash 57e3cd54d6f5b3fd0d9489e883f84c51)
2022-02-17 18:20:24.034117 p1657 I    Starting Actor institution_file.InstitutionClass at ActorAddr-(T|:43263) (parent ActorAddr-(T|:43253), admin ActorAddr-(T|:19000), srcHash 57e3cd54d6f5b3fd0d9489e883f84c51)
2022-02-17 18:20:24.046514 p1659 I    Starting Actor agent_file.AgentClass at ActorAddr-(T|:35807) (parent ActorAddr-(T|:43253), admin ActorAddr-(T|:19000), srcHash 57e3cd54d6f5b3fd0d9489e883f84c51)
2022-02-17 18:20:24.049517 p1661 I    Starting Actor agent_file.AgentClass at ActorAddr-(T|:42437) (parent ActorAddr-(T|:43253), admin ActorAddr-(T|:19000), srcHash 57e3cd54d6f5b3fd0d9489e883f84c51)
2022-02-17 18:20:24.056590 p1665 I    Starting Actor agent_file.AgentClass at ActorAddr-(T|:43691) (parent ActorAddr-(T|:43253), admin ActorAddr-(T|:19000), srcHash 57e3cd54d6f5b3fd0d9489e883f84c51)
2022-02-17 18:20:24.066707 p1663 I    Starting Actor agent_file.AgentClass at ActorAddr-(T|:40811) (parent ActorAddr-(T|:43253), admin ActorAddr-(T|:19000), srcHash 57e3cd54d6f5b3fd0d9489e883f84c51)
2022-02-17 18:20:24.079767 p1667 I    Starting Actor agent_file.AgentClass at ActorAddr-(T|:37503) (parent ActorAddr-(T|:43253), admin ActorAddr-(T|:19000), srcHash 57e3cd54d6f5b3fd0d9489e883f84c51)
2022-02-17 19:40:26.952472 p1513 I    ---- shutdown completed
